Streaming transaction logs mentioning 2r68F8AvCe4jVQQKua6BxESNjJS2oiHKmtntmC6A63ms. Confirmed commitment
Transaction executed in slot 6:
  Signature: 2GXxD87L6T7SB3wiY5t7G9NazaX7SBvKkpCkp9fjGZaLSqv5tsvrNoKrWdMjcwtSgW8SMTy66E8Vz82p7MHfR89S
  Status: Ok
  Log Messages:
    Program 2r68F8AvCe4jVQQKua6BxESNjJS2oiHKmtntmC6A63ms invoke [1]
    Program log: Instruction: Initialize
    Program 11111111111111111111111111111111 invoke [2]
    Program 11111111111111111111111111111111 success
    Program ATokenGPvbdGVxr1b2hvZbsiqW5xWH25efTNsLJA8knL invoke [2]
    Program log: Create
    Program TokenkegQfeZyiNwAJbNbGKPFXCWuBvf9Ss623VQ5DA invoke [3]
    Program log: Instruction: GetAccountDataSize
    Program TokenkegQfeZyiNwAJbNbGKPFXCWuBvf9Ss623VQ5DA consumed 1595 of 181224 compute units
    Program return: TokenkegQfeZyiNwAJbNbGKPFXCWuBvf9Ss623VQ5DA pQAAAAAAAAA=
    Program TokenkegQfeZyiNwAJbNbGKPFXCWuBvf9Ss623VQ5DA success
    Program 11111111111111111111111111111111 invoke [3]
    Program 11111111111111111111111111111111 success
    Program log: Initialize the associated token account
    Program TokenkegQfeZyiNwAJbNbGKPFXCWuBvf9Ss623VQ5DA invoke [3]
    Program log: Instruction: InitializeImmutableOwner
    Program log: Please upgrade to SPL Token 2022 for immutable owner support
    Program TokenkegQfeZyiNwAJbNbGKPFXCWuBvf9Ss623VQ5DA consumed 1405 of 174611 compute units
    Program TokenkegQfeZyiNwAJbNbGKPFXCWuBvf9Ss623VQ5DA success
    Program TokenkegQfeZyiNwAJbNbGKPFXCWuBvf9Ss623VQ5DA invoke [3]
    Program log: Instruction: InitializeAccount3
    Program TokenkegQfeZyiNwAJbNbGKPFXCWuBvf9Ss623VQ5DA consumed 4214 of 170727 compute units
    Program TokenkegQfeZyiNwAJbNbGKPFXCWuBvf9Ss623VQ5DA success
    Program ATokenGPvbdGVxr1b2hvZbsiqW5xWH25efTNsLJA8knL consumed 20490 of 186699 compute units
    Program ATokenGPvbdGVxr1b2hvZbsiqW5xWH25efTNsLJA8knL success
    Program 2r68F8AvCe4jVQQKua6BxESNjJS2oiHKmtntmC6A63ms consumed 35959 of 200000 compute units
    Program 2r68F8AvCe4jVQQKua6BxESNjJS2oiHKmtntmC6A63ms success
Transaction executed in slot 7:
  Signature: 2mBF3aX5TcVGEX9uUgh8o7WWK1itNmmNqGT7oG9kQGDgWAoefpyQ231dCo9Xh3jzi2vSwcXSp53wbs29JsgNc1g9
  Status: Ok
  Log Messages:
    Program 2r68F8AvCe4jVQQKua6BxESNjJS2oiHKmtntmC6A63ms invoke [1]
    Program log: Instruction: Deposit
    Program TokenkegQfeZyiNwAJbNbGKPFXCWuBvf9Ss623VQ5DA invoke [2]
    Program log: Instruction: Transfer
    Program TokenkegQfeZyiNwAJbNbGKPFXCWuBvf9Ss623VQ5DA consumed 4645 of 186343 compute units
    Program TokenkegQfeZyiNwAJbNbGKPFXCWuBvf9Ss623VQ5DA success
    Program 2r68F8AvCe4jVQQKua6BxESNjJS2oiHKmtntmC6A63ms consumed 18588 of 200000 compute units
    Program 2r68F8AvCe4jVQQKua6BxESNjJS2oiHKmtntmC6A63ms success
Transaction executed in slot 8:
  Signature: 5SXwY9KcmRFR6AS1ShkaJnh5wmeAu5Npti8KnAbZX5tuqco9D3QPDjLxyCqh4JNFT2aHmLb21eppdhmeHeJYAdD8
  Status: Ok
  Log Messages:
    Program 2r68F8AvCe4jVQQKua6BxESNjJS2oiHKmtntmC6A63ms invoke [1]
    Program log: Instruction: InitializeFeeVault
    Program 11111111111111111111111111111111 invoke [2]
    Program 11111111111111111111111111111111 success
    Program 2r68F8AvCe4jVQQKua6BxESNjJS2oiHKmtntmC6A63ms consumed 7343 of 200000 compute units
    Program 2r68F8AvCe4jVQQKua6BxESNjJS2oiHKmtntmC6A63ms success
Transaction executed in slot 9:
  Signature: 2kCmJ5ptUeESZmkZtzxyB2dTJcJzvYAghhNQHpxsCgcLjrMrs4fD9pxoushCfvWFXL5bVRiFtDgxiLjxn6nUzaT7
  Status: Ok
  Log Messages:
    Program 2r68F8AvCe4jVQQKua6BxESNjJS2oiHKmtntmC6A63ms invoke [1]
    Program log: Instruction: Withdraw
    Program 11111111111111111111111111111111 invoke [2]
    Program 11111111111111111111111111111111 success
    Program TokenkegQfeZyiNwAJbNbGKPFXCWuBvf9Ss623VQ5DA invoke [2]
    Program log: Instruction: Transfer
    Program TokenkegQfeZyiNwAJbNbGKPFXCWuBvf9Ss623VQ5DA consumed 4645 of 181053 compute units
    Program TokenkegQfeZyiNwAJbNbGKPFXCWuBvf9Ss623VQ5DA success
    Program TokenkegQfeZyiNwAJbNbGKPFXCWuBvf9Ss623VQ5DA invoke [2]
    Program log: Instruction: CloseAccount
    Program TokenkegQfeZyiNwAJbNbGKPFXCWuBvf9Ss623VQ5DA consumed 3015 of 174094 compute units
    Program TokenkegQfeZyiNwAJbNbGKPFXCWuBvf9Ss623VQ5DA success
    Program 2r68F8AvCe4jVQQKua6BxESNjJS2oiHKmtntmC6A63ms consumed 29883 of 200000 compute units
    Program 2r68F8AvCe4jVQQKua6BxESNjJS2oiHKmtntmC6A63ms success
